make -C /lib/modules/6.17.0-19-generic/build M=/home/minte/Desktop/kernel-dev-hello-1/OSstudy modules
make[1]: Entering directory '/usr/src/linux-headers-6.17.0-19-generic'
make  -C /home/minte/Desktop/kernel-dev-hello-1/OSstudy \
-f /usr/src/linux-headers-6.17.0-19-generic/Makefile modules
make[2]: Entering directory '/home/minte/Desktop/kernel-dev-hello-1/OSstudy'
make --no-print-directory -C /home/minte/Desktop/kernel-dev-hello-1/OSstudy \
-f /usr/src/linux-headers-6.17.0-19-generic/Makefile modules
warning: the compiler differs from the one used to build the kernel
  The kernel was built by: x86_64-linux-gnu-gcc-13 (Ubuntu 13.3.0-6ubuntu2~24.04.1) 13.3.0
  You are using:           gcc-13 (Ubuntu 13.3.0-6ubuntu2~24.04.1) 13.3.0
make -f /usr/src/linux-headers-6.17.0-19-generic/scripts/Makefile.build obj=. need-builtin=1 need-modorder=1 
# CC [M]  intro_module.o
  gcc-13 -Wp,-MMD,./.intro_module.o.d -nostdinc -I/usr/src/linux-headers-6.17.0-19-generic/arch/x86/include -I/usr/src/linux-headers-6.17.0-19-generic/arch/x86/include/generated -I/usr/src/linux-headers-6.17.0-19-generic/include -I/usr/src/linux-headers-6.17.0-19-generic/include -I/usr/src/linux-headers-6.17.0-19-generic/arch/x86/include/uapi -I/usr/src/linux-headers-6.17.0-19-generic/arch/x86/include/generated/uapi -I/usr/src/linux-headers-6.17.0-19-generic/include/uapi -I/usr/src/linux-headers-6.17.0-19-generic/include/generated/uapi -include /usr/src/linux-headers-6.17.0-19-generic/include/linux/compiler-version.h -include /usr/src/linux-headers-6.17.0-19-generic/include/linux/kconfig.h -I/usr/src/linux-headers-6.17.0-19-generic/ubuntu/include -include /usr/src/linux-headers-6.17.0-19-generic/include/linux/compiler_types.h -D__KERNEL__ -std=gnu11 -fshort-wchar -funsigned-char -fno-common -fno-PIE -fno-strict-aliasing -mno-sse -mno-mmx -mno-sse2 -mno-3dnow -mno-avx -mno-sse4a -fcf-protection=none -m64 -falign-jumps=1 -falign-loops=1 -mno-80387 -mno-fp-ret-in-387 -mpreferred-stack-boundary=3 -mskip-rax-setup -march=x86-64 -mtune=generic -mno-red-zone -mcmodel=kernel -mstack-protector-guard-reg=gs -mstack-protector-guard-symbol=__ref_stack_chk_guard -Wno-sign-compare -fno-asynchronous-unwind-tables -mindirect-branch=thunk-extern -mindirect-branch-register -mindirect-branch-cs-prefix -mfunction-return=thunk-extern -fno-jump-tables -mharden-sls=all -fpatchable-function-entry=16,16 -fno-delete-null-pointer-checks -O2 -fno-allow-store-data-races -fstack-protector-strong -fno-omit-frame-pointer -fno-optimize-sibling-calls -ftrivial-auto-var-init=zero -fno-stack-clash-protection -fzero-call-used-regs=used-gpr -pg -mrecord-mcount -mfentry -DCC_USING_FENTRY -falign-functions=16 -fstrict-flex-arrays=3 -fno-strict-overflow -fno-stack-check -fconserve-stack -fno-builtin-wcslen -Wall -Wextra -Wundef -Werror=implicit-function-declaration -Werror=implicit-int -Werror=return-type -Werror=strict-prototypes -Wno-format-security -Wno-trigraphs -Wno-frame-address -Wno-address-of-packed-member -Wmissing-declarations -Wmissing-prototypes -Wframe-larger-than=1024 -Wno-main -Wno-dangling-pointer -Wvla-larger-than=1 -Wno-pointer-sign -Wcast-function-type -Wno-array-bounds -Wno-stringop-overflow -Wno-alloc-size-larger-than -Wimplicit-fallthrough=5 -Werror=date-time -Werror=incompatible-pointer-types -Werror=designated-init -Wenum-conversion -Wunused -Wno-unused-but-set-variable -Wno-unused-const-variable -Wno-packed-not-aligned -Wno-format-overflow -Wno-format-truncation -Wno-stringop-truncation -Wno-override-init -Wno-missing-field-initializers -Wno-type-limits -Wno-shift-negative-value -Wno-maybe-uninitialized -Wno-sign-compare -Wno-unused-parameter -g -gdwarf-5  -fsanitize=bounds-strict -fsanitize=shift -fsanitize=bool -fsanitize=enum    -DMODULE  -DKBUILD_BASENAME='"intro_module"' -DKBUILD_MODNAME='"intro_module"' -D__KBUILD_MODNAME=kmod_intro_module -c -o intro_module.o intro_module.c   ; /usr/src/linux-headers-6.17.0-19-generic/tools/objtool/objtool --hacks=jump_label --hacks=noinstr --hacks=skylake --retpoline --rethunk --sls --stackval --static-call --uaccess --prefix=16 --Werror   --module intro_module.o
# cmd_gen_objtooldep intro_module.o
   { echo ; echo 'intro_module.o: $(wildcard /usr/src/linux-headers-6.17.0-19-generic/tools/objtool/objtool)' ; } >> ./.intro_module.o.cmd
# cmd_gen_symversions_c intro_module.o
  if nm intro_module.o 2>/dev/null | grep -q ' __export_symbol_'; then  nm intro_module.o | sed -n 's/.* __export_symbol_\(.*\)//p' | /usr/src/linux-headers-6.17.0-19-generic/scripts/gendwarfksyms/gendwarfksyms   intro_module.o >> ./.intro_module.o.cmd; fi
# CC [M]  info_timer.o
  gcc-13 -Wp,-MMD,./.info_timer.o.d -nostdinc -I/usr/src/linux-headers-6.17.0-19-generic/arch/x86/include -I/usr/src/linux-headers-6.17.0-19-generic/arch/x86/include/generated -I/usr/src/linux-headers-6.17.0-19-generic/include -I/usr/src/linux-headers-6.17.0-19-generic/include -I/usr/src/linux-headers-6.17.0-19-generic/arch/x86/include/uapi -I/usr/src/linux-headers-6.17.0-19-generic/arch/x86/include/generated/uapi -I/usr/src/linux-headers-6.17.0-19-generic/include/uapi -I/usr/src/linux-headers-6.17.0-19-generic/include/generated/uapi -include /usr/src/linux-headers-6.17.0-19-generic/include/linux/compiler-version.h -include /usr/src/linux-headers-6.17.0-19-generic/include/linux/kconfig.h -I/usr/src/linux-headers-6.17.0-19-generic/ubuntu/include -include /usr/src/linux-headers-6.17.0-19-generic/include/linux/compiler_types.h -D__KERNEL__ -std=gnu11 -fshort-wchar -funsigned-char -fno-common -fno-PIE -fno-strict-aliasing -mno-sse -mno-mmx -mno-sse2 -mno-3dnow -mno-avx -mno-sse4a -fcf-protection=none -m64 -falign-jumps=1 -falign-loops=1 -mno-80387 -mno-fp-ret-in-387 -mpreferred-stack-boundary=3 -mskip-rax-setup -march=x86-64 -mtune=generic -mno-red-zone -mcmodel=kernel -mstack-protector-guard-reg=gs -mstack-protector-guard-symbol=__ref_stack_chk_guard -Wno-sign-compare -fno-asynchronous-unwind-tables -mindirect-branch=thunk-extern -mindirect-branch-register -mindirect-branch-cs-prefix -mfunction-return=thunk-extern -fno-jump-tables -mharden-sls=all -fpatchable-function-entry=16,16 -fno-delete-null-pointer-checks -O2 -fno-allow-store-data-races -fstack-protector-strong -fno-omit-frame-pointer -fno-optimize-sibling-calls -ftrivial-auto-var-init=zero -fno-stack-clash-protection -fzero-call-used-regs=used-gpr -pg -mrecord-mcount -mfentry -DCC_USING_FENTRY -falign-functions=16 -fstrict-flex-arrays=3 -fno-strict-overflow -fno-stack-check -fconserve-stack -fno-builtin-wcslen -Wall -Wextra -Wundef -Werror=implicit-function-declaration -Werror=implicit-int -Werror=return-type -Werror=strict-prototypes -Wno-format-security -Wno-trigraphs -Wno-frame-address -Wno-address-of-packed-member -Wmissing-declarations -Wmissing-prototypes -Wframe-larger-than=1024 -Wno-main -Wno-dangling-pointer -Wvla-larger-than=1 -Wno-pointer-sign -Wcast-function-type -Wno-array-bounds -Wno-stringop-overflow -Wno-alloc-size-larger-than -Wimplicit-fallthrough=5 -Werror=date-time -Werror=incompatible-pointer-types -Werror=designated-init -Wenum-conversion -Wunused -Wno-unused-but-set-variable -Wno-unused-const-variable -Wno-packed-not-aligned -Wno-format-overflow -Wno-format-truncation -Wno-stringop-truncation -Wno-override-init -Wno-missing-field-initializers -Wno-type-limits -Wno-shift-negative-value -Wno-maybe-uninitialized -Wno-sign-compare -Wno-unused-parameter -g -gdwarf-5  -fsanitize=bounds-strict -fsanitize=shift -fsanitize=bool -fsanitize=enum    -DMODULE  -DKBUILD_BASENAME='"info_timer"' -DKBUILD_MODNAME='"info_timer"' -D__KBUILD_MODNAME=kmod_info_timer -c -o info_timer.o info_timer.c   ; /usr/src/linux-headers-6.17.0-19-generic/tools/objtool/objtool --hacks=jump_label --hacks=noinstr --hacks=skylake --retpoline --rethunk --sls --stackval --static-call --uaccess --prefix=16 --Werror   --module info_timer.o
In file included from /usr/src/linux-headers-6.17.0-19-generic/include/asm-generic/bug.h:22,
                 from /usr/src/linux-headers-6.17.0-19-generic/arch/x86/include/asm/bug.h:103,
                 from /usr/src/linux-headers-6.17.0-19-generic/arch/x86/include/asm/alternative.h:9,
                 from /usr/src/linux-headers-6.17.0-19-generic/arch/x86/include/asm/barrier.h:5,
                 from /usr/src/linux-headers-6.17.0-19-generic/include/linux/list.h:11,
                 from /usr/src/linux-headers-6.17.0-19-generic/include/linux/module.h:12,
                 from info_timer.c:5:
info_timer.c: In function ‘upon_loading’:
/usr/src/linux-headers-6.17.0-19-generic/include/linux/kern_levels.h:5:25: warning: format ‘%lu’ expects argument of type ‘long unsigned int’, but argument 2 has type ‘int’ [-Wformat=]
    5 | #define KERN_SOH        "\001"          /* ASCII Start Of Header */
      |                         ^~~~~~
/usr/src/linux-headers-6.17.0-19-generic/include/linux/printk.h:486:25: note: in definition of macro ‘printk_index_wrap’
  486 |                 _p_func(_fmt, ##__VA_ARGS__);                           \
      |                         ^~~~
/usr/src/linux-headers-6.17.0-19-generic/include/linux/printk.h:587:9: note: in expansion of macro ‘printk’
  587 |         printk(KERN_INFO pr_fmt(fmt), ##__VA_ARGS__)
      |         ^~~~~~
/usr/src/linux-headers-6.17.0-19-generic/include/linux/kern_levels.h:14:25: note: in expansion of macro ‘KERN_SOH’
   14 | #define KERN_INFO       KERN_SOH "6"    /* informational */
      |                         ^~~~~~~~
/usr/src/linux-headers-6.17.0-19-generic/include/linux/printk.h:587:16: note: in expansion of macro ‘KERN_INFO’
  587 |         printk(KERN_INFO pr_fmt(fmt), ##__VA_ARGS__)
      |                ^~~~~~~~~
info_timer.c:19:5: note: in expansion of macro ‘pr_info’
   19 |     pr_info("HZ: %lu\n", HZ);
      |     ^~~~~~~
# cmd_gen_objtooldep info_timer.o
   { echo ; echo 'info_timer.o: $(wildcard /usr/src/linux-headers-6.17.0-19-generic/tools/objtool/objtool)' ; } >> ./.info_timer.o.cmd
# cmd_gen_symversions_c info_timer.o
  if nm info_timer.o 2>/dev/null | grep -q ' __export_symbol_'; then  nm info_timer.o | sed -n 's/.* __export_symbol_\(.*\)//p' | /usr/src/linux-headers-6.17.0-19-generic/scripts/gendwarfksyms/gendwarfksyms   info_timer.o >> ./.info_timer.o.cmd; fi
# CC [M]  hello_procs.o
  gcc-13 -Wp,-MMD,./.hello_procs.o.d -nostdinc -I/usr/src/linux-headers-6.17.0-19-generic/arch/x86/include -I/usr/src/linux-headers-6.17.0-19-generic/arch/x86/include/generated -I/usr/src/linux-headers-6.17.0-19-generic/include -I/usr/src/linux-headers-6.17.0-19-generic/include -I/usr/src/linux-headers-6.17.0-19-generic/arch/x86/include/uapi -I/usr/src/linux-headers-6.17.0-19-generic/arch/x86/include/generated/uapi -I/usr/src/linux-headers-6.17.0-19-generic/include/uapi -I/usr/src/linux-headers-6.17.0-19-generic/include/generated/uapi -include /usr/src/linux-headers-6.17.0-19-generic/include/linux/compiler-version.h -include /usr/src/linux-headers-6.17.0-19-generic/include/linux/kconfig.h -I/usr/src/linux-headers-6.17.0-19-generic/ubuntu/include -include /usr/src/linux-headers-6.17.0-19-generic/include/linux/compiler_types.h -D__KERNEL__ -std=gnu11 -fshort-wchar -funsigned-char -fno-common -fno-PIE -fno-strict-aliasing -mno-sse -mno-mmx -mno-sse2 -mno-3dnow -mno-avx -mno-sse4a -fcf-protection=none -m64 -falign-jumps=1 -falign-loops=1 -mno-80387 -mno-fp-ret-in-387 -mpreferred-stack-boundary=3 -mskip-rax-setup -march=x86-64 -mtune=generic -mno-red-zone -mcmodel=kernel -mstack-protector-guard-reg=gs -mstack-protector-guard-symbol=__ref_stack_chk_guard -Wno-sign-compare -fno-asynchronous-unwind-tables -mindirect-branch=thunk-extern -mindirect-branch-register -mindirect-branch-cs-prefix -mfunction-return=thunk-extern -fno-jump-tables -mharden-sls=all -fpatchable-function-entry=16,16 -fno-delete-null-pointer-checks -O2 -fno-allow-store-data-races -fstack-protector-strong -fno-omit-frame-pointer -fno-optimize-sibling-calls -ftrivial-auto-var-init=zero -fno-stack-clash-protection -fzero-call-used-regs=used-gpr -pg -mrecord-mcount -mfentry -DCC_USING_FENTRY -falign-functions=16 -fstrict-flex-arrays=3 -fno-strict-overflow -fno-stack-check -fconserve-stack -fno-builtin-wcslen -Wall -Wextra -Wundef -Werror=implicit-function-declaration -Werror=implicit-int -Werror=return-type -Werror=strict-prototypes -Wno-format-security -Wno-trigraphs -Wno-frame-address -Wno-address-of-packed-member -Wmissing-declarations -Wmissing-prototypes -Wframe-larger-than=1024 -Wno-main -Wno-dangling-pointer -Wvla-larger-than=1 -Wno-pointer-sign -Wcast-function-type -Wno-array-bounds -Wno-stringop-overflow -Wno-alloc-size-larger-than -Wimplicit-fallthrough=5 -Werror=date-time -Werror=incompatible-pointer-types -Werror=designated-init -Wenum-conversion -Wunused -Wno-unused-but-set-variable -Wno-unused-const-variable -Wno-packed-not-aligned -Wno-format-overflow -Wno-format-truncation -Wno-stringop-truncation -Wno-override-init -Wno-missing-field-initializers -Wno-type-limits -Wno-shift-negative-value -Wno-maybe-uninitialized -Wno-sign-compare -Wno-unused-parameter -g -gdwarf-5  -fsanitize=bounds-strict -fsanitize=shift -fsanitize=bool -fsanitize=enum    -DMODULE  -DKBUILD_BASENAME='"hello_procs"' -DKBUILD_MODNAME='"hello_procs"' -D__KBUILD_MODNAME=kmod_hello_procs -c -o hello_procs.o hello_procs.c   ; /usr/src/linux-headers-6.17.0-19-generic/tools/objtool/objtool --hacks=jump_label --hacks=noinstr --hacks=skylake --retpoline --rethunk --sls --stackval --static-call --uaccess --prefix=16 --Werror   --module hello_procs.o
# cmd_gen_objtooldep hello_procs.o
   { echo ; echo 'hello_procs.o: $(wildcard /usr/src/linux-headers-6.17.0-19-generic/tools/objtool/objtool)' ; } >> ./.hello_procs.o.cmd
# cmd_gen_symversions_c hello_procs.o
  if nm hello_procs.o 2>/dev/null | grep -q ' __export_symbol_'; then  nm hello_procs.o | sed -n 's/.* __export_symbol_\(.*\)//p' | /usr/src/linux-headers-6.17.0-19-generic/scripts/gendwarfksyms/gendwarfksyms   hello_procs.o >> ./.hello_procs.o.cmd; fi
# CC [M]  assignment_one.o
  gcc-13 -Wp,-MMD,./.assignment_one.o.d -nostdinc -I/usr/src/linux-headers-6.17.0-19-generic/arch/x86/include -I/usr/src/linux-headers-6.17.0-19-generic/arch/x86/include/generated -I/usr/src/linux-headers-6.17.0-19-generic/include -I/usr/src/linux-headers-6.17.0-19-generic/include -I/usr/src/linux-headers-6.17.0-19-generic/arch/x86/include/uapi -I/usr/src/linux-headers-6.17.0-19-generic/arch/x86/include/generated/uapi -I/usr/src/linux-headers-6.17.0-19-generic/include/uapi -I/usr/src/linux-headers-6.17.0-19-generic/include/generated/uapi -include /usr/src/linux-headers-6.17.0-19-generic/include/linux/compiler-version.h -include /usr/src/linux-headers-6.17.0-19-generic/include/linux/kconfig.h -I/usr/src/linux-headers-6.17.0-19-generic/ubuntu/include -include /usr/src/linux-headers-6.17.0-19-generic/include/linux/compiler_types.h -D__KERNEL__ -std=gnu11 -fshort-wchar -funsigned-char -fno-common -fno-PIE -fno-strict-aliasing -mno-sse -mno-mmx -mno-sse2 -mno-3dnow -mno-avx -mno-sse4a -fcf-protection=none -m64 -falign-jumps=1 -falign-loops=1 -mno-80387 -mno-fp-ret-in-387 -mpreferred-stack-boundary=3 -mskip-rax-setup -march=x86-64 -mtune=generic -mno-red-zone -mcmodel=kernel -mstack-protector-guard-reg=gs -mstack-protector-guard-symbol=__ref_stack_chk_guard -Wno-sign-compare -fno-asynchronous-unwind-tables -mindirect-branch=thunk-extern -mindirect-branch-register -mindirect-branch-cs-prefix -mfunction-return=thunk-extern -fno-jump-tables -mharden-sls=all -fpatchable-function-entry=16,16 -fno-delete-null-pointer-checks -O2 -fno-allow-store-data-races -fstack-protector-strong -fno-omit-frame-pointer -fno-optimize-sibling-calls -ftrivial-auto-var-init=zero -fno-stack-clash-protection -fzero-call-used-regs=used-gpr -pg -mrecord-mcount -mfentry -DCC_USING_FENTRY -falign-functions=16 -fstrict-flex-arrays=3 -fno-strict-overflow -fno-stack-check -fconserve-stack -fno-builtin-wcslen -Wall -Wextra -Wundef -Werror=implicit-function-declaration -Werror=implicit-int -Werror=return-type -Werror=strict-prototypes -Wno-format-security -Wno-trigraphs -Wno-frame-address -Wno-address-of-packed-member -Wmissing-declarations -Wmissing-prototypes -Wframe-larger-than=1024 -Wno-main -Wno-dangling-pointer -Wvla-larger-than=1 -Wno-pointer-sign -Wcast-function-type -Wno-array-bounds -Wno-stringop-overflow -Wno-alloc-size-larger-than -Wimplicit-fallthrough=5 -Werror=date-time -Werror=incompatible-pointer-types -Werror=designated-init -Wenum-conversion -Wunused -Wno-unused-but-set-variable -Wno-unused-const-variable -Wno-packed-not-aligned -Wno-format-overflow -Wno-format-truncation -Wno-stringop-truncation -Wno-override-init -Wno-missing-field-initializers -Wno-type-limits -Wno-shift-negative-value -Wno-maybe-uninitialized -Wno-sign-compare -Wno-unused-parameter -g -gdwarf-5  -fsanitize=bounds-strict -fsanitize=shift -fsanitize=bool -fsanitize=enum    -DMODULE  -DKBUILD_BASENAME='"assignment_one"' -DKBUILD_MODNAME='"assignment_one"' -D__KBUILD_MODNAME=kmod_assignment_one -c -o assignment_one.o assignment_one.c   ; /usr/src/linux-headers-6.17.0-19-generic/tools/objtool/objtool --hacks=jump_label --hacks=noinstr --hacks=skylake --retpoline --rethunk --sls --stackval --static-call --uaccess --prefix=16 --Werror   --module assignment_one.o
assignment_one.c:46:18: error: initialization of ‘ssize_t (*)(struct file *, char *, size_t,  loff_t *)’ {aka ‘long int (*)(struct file *, char *, long unsigned int,  long long int *)’} from incompatible pointer type ‘ssize_t (*)(struct file *, char *, loff_t *, size_t)’ {aka ‘long int (*)(struct file *, char *, long long int *, long unsigned int)’} [-Werror=incompatible-pointer-types]
   46 |     .proc_read = pro_read,
      |                  ^~~~~~~~
assignment_one.c:46:18: note: (near initialization for ‘proc_ops.proc_read’)
cc1: some warnings being treated as errors
make[4]: *** [/usr/src/linux-headers-6.17.0-19-generic/scripts/Makefile.build:287: assignment_one.o] Error 1
make[3]: *** [/usr/src/linux-headers-6.17.0-19-generic/Makefile:2016: .] Error 2
make[2]: *** [/usr/src/linux-headers-6.17.0-19-generic/Makefile:248: __sub-make] Error 2
make[2]: Leaving directory '/home/minte/Desktop/kernel-dev-hello-1/OSstudy'
make[1]: *** [Makefile:248: __sub-make] Error 2
make[1]: Leaving directory '/usr/src/linux-headers-6.17.0-19-generic'
make: *** [Makefile:8: all] Error 2
